0 info it worked if it ends with ok
1 verbose cli [
1 verbose cli   'C:\\Program Files\\nodejs\\node.exe',
1 verbose cli   'C:\\Users\\irem-pc\\AppData\\Roaming\\npm\\node_modules\\npm\\bin\\npm-cli.js',
1 verbose cli   'install',
1 verbose cli   '-g',
1 verbose cli   'npm@next'
1 verbose cli ]
2 info using npm@4.0.2
3 info using node@v14.15.0
4 silly loadCurrentTree Starting
5 silly install loadCurrentTree
6 silly install readGlobalPackageData
7 silly fetchPackageMetaData npm@next
8 silly fetchNamedPackageData npm
9 silly mapToRegistry name npm
10 silly mapToRegistry using default registry
11 silly mapToRegistry registry https://registry.npmjs.org/
12 silly mapToRegistry data Result {
12 silly mapToRegistry   raw: 'npm',
12 silly mapToRegistry   scope: null,
12 silly mapToRegistry   escapedName: 'npm',
12 silly mapToRegistry   name: 'npm',
12 silly mapToRegistry   rawSpec: '',
12 silly mapToRegistry   spec: 'latest',
12 silly mapToRegistry   type: 'tag'
12 silly mapToRegistry }
13 silly mapToRegistry uri https://registry.npmjs.org/npm
14 verbose request uri https://registry.npmjs.org/npm
15 verbose request no auth needed
16 info attempt registry request try #1 at 18:39:17
17 verbose request id 20c53f6b228dffcc
18 http request GET https://registry.npmjs.org/npm
19 http 200 https://registry.npmjs.org/npm
20 verbose headers {
20 verbose headers   date: 'Fri, 06 Nov 2020 15:39:24 GMT',
20 verbose headers   'content-type': 'application/json',
20 verbose headers   'transfer-encoding': 'chunked',
20 verbose headers   connection: 'keep-alive',
20 verbose headers   'set-cookie': [
20 verbose headers     '__cfduid=dcdebcb5224b3c43a87043e322a3ed3791604677164; expires=Sun, 06-Dec-20 15:39:24 GMT; path=/; domain=.npmjs.org; HttpOnly; SameSite=Lax'
20 verbose headers   ],
20 verbose headers   'cf-ray': '5edfe838586ce186-IST',
20 verbose headers   age: '6126',
20 verbose headers   'cache-control': 'public, max-age=300',
20 verbose headers   etag: 'W/"e868c3c70f63dcce6c0875d4c4aef644"',
20 verbose headers   'last-modified': 'Tue, 03 Nov 2020 23:13:10 GMT',
20 verbose headers   vary: 'accept-encoding, accept',
20 verbose headers   'cf-cache-status': 'HIT',
20 verbose headers   'cf-request-id': '063fcf77330000e186fd330000000001',
20 verbose headers   'expect-ct': 'max-age=604800, report-uri="https://report-uri.cloudflare.com/cdn-cgi/beacon/expect-ct"',
20 verbose headers   server: 'cloudflare',
20 verbose headers   'content-encoding': 'gzip'
20 verbose headers }
21 silly get cb [
21 silly get   200,
21 silly get   {
21 silly get     date: 'Fri, 06 Nov 2020 15:39:24 GMT',
21 silly get     'content-type': 'application/json',
21 silly get     'transfer-encoding': 'chunked',
21 silly get     connection: 'keep-alive',
21 silly get     'set-cookie': [
21 silly get       '__cfduid=dcdebcb5224b3c43a87043e322a3ed3791604677164; expires=Sun, 06-Dec-20 15:39:24 GMT; path=/; domain=.npmjs.org; HttpOnly; SameSite=Lax'
21 silly get     ],
21 silly get     'cf-ray': '5edfe838586ce186-IST',
21 silly get     age: '6126',
21 silly get     'cache-control': 'public, max-age=300',
21 silly get     etag: 'W/"e868c3c70f63dcce6c0875d4c4aef644"',
21 silly get     'last-modified': 'Tue, 03 Nov 2020 23:13:10 GMT',
21 silly get     vary: 'accept-encoding, accept',
21 silly get     'cf-cache-status': 'HIT',
21 silly get     'cf-request-id': '063fcf77330000e186fd330000000001',
21 silly get     'expect-ct': 'max-age=604800, report-uri="https://report-uri.cloudflare.com/cdn-cgi/beacon/expect-ct"',
21 silly get     server: 'cloudflare',
21 silly get     'content-encoding': 'gzip'
21 silly get   }
21 silly get ]
22 verbose get saving npm to C:\Users\irem-pc\AppData\Roaming\npm-cache\registry.npmjs.org\npm\.cache.json
23 verbose correctMkdir C:\Users\irem-pc\AppData\Roaming\npm-cache correctMkdir not in flight; initializing
24 verbose stack TypeError: cb.apply is not a function
24 verbose stack     at C:\Users\irem-pc\AppData\Roaming\npm\node_modules\npm\node_modules\graceful-fs\polyfills.js:279:18
24 verbose stack     at FSReqCallback.oncomplete (fs.js:184:5)
25 verbose cwd C:\Users\irem-pc\PhpstormProjects\caspar
26 error Windows_NT 10.0.18363
27 error argv "C:\\Program Files\\nodejs\\node.exe" "C:\\Users\\irem-pc\\AppData\\Roaming\\npm\\node_modules\\npm\\bin\\npm-cli.js" "install" "-g" "npm@next"
28 error node v14.15.0
29 error npm  v4.0.2
30 error cb.apply is not a function
31 error If you need help, you may report this error at:
31 error     <https://github.com/npm/npm/issues>
32 verbose exit [ 1, true ]
